18:37:52 error: invalid input syntax for integer: "monkeytown"
         query: insert into locations values('company', '543 big one ave', 'monkeytown', '80015');

18:44:45 error: Property 'name' doesn't exist.
         query: insert into locations(name, street, city, zip) values(${name}, ${street}, ${city}, ${zip});
         params: {}

18:46:56 error: Property 'name' doesn't exist.
         query: insert into locations(name, street, city, zip) values(${name}, ${street}, ${city}, ${zip});
         params: {}

18:48:14 error: Property 'name' doesn't exist.
         query: insert into locations(name, street, city, zip) values(${name}, ${street}, ${city}, ${zip});
         params: {}

18:48:54 error: Property 'name' doesn't exist.
         query: insert into locations(name, street, city, zip) values(${name}, ${street}, ${city}, ${zip});
         params: {}

18:57:04 error: syntax error at or near "$"
         query: insert into locations(name, street, city, zip) values(${name}, ${street}, ${city}, ${zip});

18:58:31 error: Property 'name' doesn't exist.
         query: insert into locations(name, street, city, zip) values(${name}, ${street}, ${city}, ${zip});

18:59:35 error: Property 'name' doesn't exist.
         query: insert into locations(name, street, city, zip) values(${name}, ${street}, ${city}, ${zip});

19:00:02 error: Property 'name' doesn't exist.
         query: insert into locations(name, street, city, zip) values(${name}, ${street}, ${city}, ${zip});

20:04:49 error: Property 'name' doesn't exist.
         query: insert into locations(name, street, city, zip) values(${name}, ${street}, ${city}, ${zip});

20:08:11 error: Property 'name' doesn't exist.
         query: insert into locations(name, street, city, zip) values(${name}, ${street}, ${city}, ${zip});